mode: set
gosolve/backend/internal/mocks/mock_repository.go:19.49,22.2 2 0
gosolve/backend/internal/mocks/mock_repository.go:25.89,28.2 2 0
gosolve/backend/internal/mocks/mock_repository.go:31.58,34.2 2 0
gosolve/backend/internal/mocks/mock_repository.go:42.118,45.2 2 0
gosolve/backend/internal/errors/errors.go:13.35,15.2 1 0
gosolve/backend/internal/errors/errors.go:18.52,23.2 1 0
gosolve/backend/internal/controller/controller.go:19.40,21.2 1 0
gosolve/backend/internal/controller/controller.go:23.51,27.2 1 0
gosolve/backend/internal/controller/controller.go:34.118,37.2 1 0
gosolve/backend/internal/errors/errors.go:13.35,15.2 1 1
gosolve/backend/internal/errors/errors.go:18.52,23.2 1 1
gosolve/backend/internal/repository/data_repository.go:29.68,32.20 2 0
gosolve/backend/internal/repository/data_repository.go:32.20,34.3 1 0
gosolve/backend/internal/repository/data_repository.go:36.2,42.48 3 0
gosolve/backend/internal/repository/data_repository.go:42.48,45.3 2 0
gosolve/backend/internal/repository/data_repository.go:46.2,46.18 1 0
gosolve/backend/internal/repository/data_repository.go:50.49,52.39 1 1
gosolve/backend/internal/repository/data_repository.go:52.39,54.3 1 1
gosolve/backend/internal/repository/data_repository.go:55.2,55.22 1 1
gosolve/backend/internal/repository/data_repository.go:58.58,60.16 2 1
gosolve/backend/internal/repository/data_repository.go:60.16,62.3 1 1
gosolve/backend/internal/repository/data_repository.go:63.2,67.21 4 1
gosolve/backend/internal/repository/data_repository.go:67.21,69.17 2 1
gosolve/backend/internal/repository/data_repository.go:69.17,72.4 2 1
gosolve/backend/internal/repository/data_repository.go:73.3,73.29 1 1
gosolve/backend/internal/repository/data_repository.go:76.2,76.38 1 1
gosolve/backend/internal/repository/data_repository.go:76.38,79.3 2 0
gosolve/backend/internal/repository/data_repository.go:82.2,87.12 5 1
gosolve/backend/internal/repository/data_repository.go:91.89,95.22 3 1
gosolve/backend/internal/repository/data_repository.go:95.22,97.3 1 0
gosolve/backend/internal/repository/data_repository.go:99.2,105.18 5 1
gosolve/backend/internal/repository/data_repository.go:105.18,108.28 2 1
gosolve/backend/internal/repository/data_repository.go:108.28,110.4 1 1
gosolve/backend/internal/repository/data_repository.go:112.3,115.49 2 1
gosolve/backend/internal/repository/data_repository.go:115.49,118.4 2 0
gosolve/backend/internal/repository/data_repository.go:120.3,120.27 1 1
gosolve/backend/internal/repository/data_repository.go:120.27,122.4 1 1
gosolve/backend/internal/repository/data_repository.go:122.9,124.4 1 1
gosolve/backend/internal/repository/data_repository.go:127.2,127.86 1 1
gosolve/backend/internal/repository/data_repository.go:127.86,129.3 1 0
gosolve/backend/internal/repository/data_repository.go:131.2,131.52 1 1
gosolve/backend/internal/errors/errors.go:13.35,15.2 1 1
gosolve/backend/internal/errors/errors.go:18.52,23.2 1 1
gosolve/backend/internal/mocks/mock_repository.go:19.49,22.2 2 1
gosolve/backend/internal/mocks/mock_repository.go:25.89,28.2 2 1
gosolve/backend/internal/mocks/mock_repository.go:31.58,34.2 2 0
gosolve/backend/internal/mocks/mock_repository.go:42.118,45.2 2 0
gosolve/backend/internal/services/search_service.go:19.90,24.2 1 1
gosolve/backend/internal/services/search_service.go:32.97,36.16 3 1
gosolve/backend/internal/services/search_service.go:36.16,39.3 2 1
gosolve/backend/internal/services/search_service.go:41.2,44.17 4 1
gosolve/backend/internal/services/search_service.go:44.17,47.3 2 1
gosolve/backend/internal/services/search_service.go:50.2,58.8 4 1
gosolve/backend/internal/utils/config.go:14.27,20.2 2 0
gosolve/backend/internal/utils/config.go:22.46,23.48 1 0
gosolve/backend/internal/utils/config.go:23.48,25.3 1 0
gosolve/backend/internal/utils/config.go:26.2,26.21 1 0
gosolve/backend/internal/utils/utils.go:11.25,12.15 1 1
gosolve/backend/internal/utils/utils.go:12.15,14.3 1 1
gosolve/backend/internal/utils/utils.go:15.2,15.14 1 1
gosolve/backend/internal/utils/utils.go:19.100,22.16 2 1
gosolve/backend/internal/utils/utils.go:23.26,25.45 2 1
gosolve/backend/internal/utils/utils.go:26.10,27.60 1 1
gosolve/backend/internal/utils/zap.go:10.39,12.16 2 0
gosolve/backend/internal/utils/zap.go:12.16,14.3 1 0
gosolve/backend/internal/utils/zap.go:15.2,16.20 2 0
gosolve/backend/internal/utils/zap.go:20.45,24.35 3 0
gosolve/backend/internal/utils/zap.go:25.15,26.47 1 0
gosolve/backend/internal/utils/zap.go:27.14,28.46 1 0
gosolve/backend/internal/utils/zap.go:29.15,30.47 1 0
gosolve/backend/internal/utils/zap.go:31.10,32.46 1 0
gosolve/backend/internal/utils/zap.go:35.2,39.16 4 0
gosolve/backend/internal/utils/zap.go:39.16,41.3 1 0
gosolve/backend/internal/utils/zap.go:43.2,43.20 1 0
gosolve/backend/internal/api/handlers.go:24.54,26.2 1 1
gosolve/backend/internal/api/handlers.go:40.73,43.16 3 1
gosolve/backend/internal/api/handlers.go:43.16,46.3 2 1
gosolve/backend/internal/api/handlers.go:48.2,56.16 3 1
gosolve/backend/internal/api/handlers.go:56.16,57.47 1 1
gosolve/backend/internal/api/handlers.go:57.47,61.4 3 1
gosolve/backend/internal/api/handlers.go:61.9,65.4 3 0
gosolve/backend/internal/api/handlers.go:66.3,66.9 1 1
gosolve/backend/internal/api/handlers.go:69.2,71.37 3 1
gosolve/backend/internal/api/handlers.go:75.118,76.19 1 1
gosolve/backend/internal/api/handlers.go:76.19,78.3 1 0
gosolve/backend/internal/api/handlers.go:79.2,83.8 1 1
gosolve/backend/internal/api/router.go:13.48,24.76 4 0
gosolve/backend/internal/api/router.go:24.76,27.3 2 0
gosolve/backend/internal/api/router.go:29.2,32.15 3 0
gosolve/backend/internal/controller/controller.go:19.40,21.2 1 0
gosolve/backend/internal/controller/controller.go:23.51,27.2 1 0
gosolve/backend/internal/controller/controller.go:34.118,37.2 1 0
gosolve/backend/internal/errors/errors.go:13.35,15.2 1 0
gosolve/backend/internal/errors/errors.go:18.52,23.2 1 1
gosolve/backend/internal/mocks/mock_repository.go:19.49,22.2 2 0
gosolve/backend/internal/mocks/mock_repository.go:25.89,28.2 2 0
gosolve/backend/internal/mocks/mock_repository.go:31.58,34.2 2 0
gosolve/backend/internal/mocks/mock_repository.go:42.118,45.2 2 1
